<?xml version="1.0" encoding="UTF-8"?>
<!-- Generated by org.testng.reporters.JUnitReportReporter -->
<testsuite skipped="0" hostname="LAPTOP-SBCPCINQ" name="planit_poc.tests.WebShopPlaceBooksOrder" tests="1" failures="0" timestamp="09 Jun 2019 19:42:02 GMT" time="145.832" errors="0">
  <testcase name="ValidatePlacingBooksOrderFunctionality" time="145.832" classname="planit_poc.tests.WebShopPlaceBooksOrder"/>
</testsuite> <!-- planit_poc.tests.WebShopPlaceBooksOrder -->
